  Assembling main.asm...
C:\irvine\SmallWin.inc(10): error A2008: syntax error : .
C:\irvine\SmallWin.inc(11): error A2008: syntax error : .
C:\irvine\SmallWin.inc(12): error A2008: syntax error : .
C:\irvine\SmallWin.inc(299): error A2008: syntax error : ,
C:\irvine\SmallWin.inc(302): error A2008: syntax error : ,
C:\irvine\SmallWin.inc(311): error A2008: syntax error : ,
C:\irvine\SmallWin.inc(314): error A2008: syntax error : ,
C:\irvine\SmallWin.inc(318): error A2008: syntax error : ,
C:\irvine\SmallWin.inc(323): error A2008: syntax error : ,
C:\irvine\SmallWin.inc(332): error A2008: syntax error : ,
C:\irvine\SmallWin.inc(339): error A2008: syntax error : ,
C:\irvine\SmallWin.inc(343): error A2008: syntax error : ,
C:\irvine\SmallWin.inc(347): error A2008: syntax error : ,
C:\irvine\SmallWin.inc(351): error A2008: syntax error : ,
C:\irvine\SmallWin.inc(357): error A2008: syntax error : ,
C:\irvine\SmallWin.inc(362): error A2008: syntax error : ,
C:\irvine\SmallWin.inc(365): error A2008: syntax error : ,
C:\irvine\SmallWin.inc(369): error A2008: syntax error : ,
C:\irvine\SmallWin.inc(372): error A2008: syntax error : ,
C:\irvine\SmallWin.inc(380): error A2008: syntax error : ,
C:\irvine\SmallWin.inc(385): error A2008: syntax error : ,
C:\irvine\SmallWin.inc(390): error A2008: syntax error : ,
C:\irvine\SmallWin.inc(393): error A2008: syntax error : ,
C:\irvine\SmallWin.inc(398): error A2008: syntax error : ,
C:\irvine\SmallWin.inc(403): error A2008: syntax error : ,
C:\irvine\SmallWin.inc(406): error A2008: syntax error : ,
C:\irvine\SmallWin.inc(412): error A2008: syntax error : ,
C:\irvine\SmallWin.inc(418): error A2008: syntax error : ,
C:\irvine\SmallWin.inc(421): error A2008: syntax error : ,
C:\irvine\SmallWin.inc(428): error A2008: syntax error : ,
C:\irvine\SmallWin.inc(434): error A2008: syntax error : ,
C:\irvine\SmallWin.inc(441): error A2008: syntax error : ,
C:\irvine\SmallWin.inc(444): error A2008: syntax error : ,
C:\irvine\SmallWin.inc(448): error A2008: syntax error : ,
C:\irvine\SmallWin.inc(452): error A2008: syntax error : ,
C:\irvine\SmallWin.inc(456): error A2008: syntax error : ,
C:\irvine\SmallWin.inc(460): error A2008: syntax error : ,
C:\irvine\SmallWin.inc(464): error A2008: syntax error : ,
C:\irvine\SmallWin.inc(467): error A2008: syntax error : ,
C:\irvine\SmallWin.inc(472): error A2008: syntax error : ,
C:\irvine\SmallWin.inc(478): error A2008: syntax error : ,
C:\irvine\SmallWin.inc(481): error A2008: syntax error : ,
C:\irvine\SmallWin.inc(484): error A2008: syntax error : ,
C:\irvine\SmallWin.inc(488): error A2008: syntax error : ,
C:\irvine\SmallWin.inc(495): error A2008: syntax error : ,
C:\irvine\SmallWin.inc(502): error A2008: syntax error : ,
C:\irvine\SmallWin.inc(509): error A2008: syntax error : ,
C:\irvine\SmallWin.inc(516): error A2008: syntax error : near
C:\irvine\Irvine32.inc(23): error A2008: syntax error : ,
C:\irvine\Irvine32.inc(67): error A2008: syntax error : ,
C:\irvine\Irvine32.inc(72): error A2008: syntax error : ,
C:\irvine\Irvine32.inc(77): error A2008: syntax error : ,
C:\irvine\Irvine32.inc(83): error A2008: syntax error : ,
C:\irvine\Irvine32.inc(88): error A2008: syntax error : ,
C:\irvine\Irvine32.inc(94): error A2008: syntax error : ,
C:\irvine\Irvine32.inc(100): error A2008: syntax error : ,
main.asm(3): error A2008: syntax error : ,
main.asm(142): error A2008: syntax error : INVOKE
main.asm(143): error A2008: syntax error : IF
main.asm(145): error A2008: syntax error : .
main.asm(151): error A2008: syntax error : IF
main.asm(158): error A2008: syntax error : .
main.asm(159): error A2045: missing angle bracket or brace in literal
main.asm(161): error A2008: syntax error : .
main.asm(162): error A2008: syntax error : .
main.asm(163): error A2008: syntax error : .
main.asm(169): error A2008: syntax error : IF
main.asm(174): error A2008: syntax error : INVOKE
main.asm(175): error A2008: syntax error : IF
main.asm(180): error A2008: syntax error : .
main.asm(182): error A2008: syntax error : INVOKE
main.asm(183): error A2008: syntax error : IF
main.asm(187): error A2008: syntax error : .
main.asm(189): error A2008: syntax error : .
main.asm(191): error A2008: syntax error : IF
main.asm(197): error A2008: syntax error : INVOKE
main.asm(198): error A2008: syntax error : IF
main.asm(204): error A2008: syntax error : .
main.asm(206): error A2008: syntax error : INVOKE
main.asm(207): error A2008: syntax error : IF
main.asm(213): error A2008: syntax error : .
main.asm(215): error A2008: syntax error : .
main.asm(296): error A2008: syntax error : INVOKE
main.asm(297): error A2008: syntax error : IF
main.asm(340): error A2008: syntax error : .
main.asm(344): error A2008: syntax error : Invoke
main.asm(440): error A2070: invalid instruction operands
main.asm(445): error A2008: syntax error : IF
main.asm(447): error A2008: syntax error : .
main.asm(448): error A2044: invalid character in file
main.asm(450): error A2008: syntax error : .
main.asm(451): error A2044: invalid character in file
main.asm(453): error A2008: syntax error : .
main.asm(461): error A2070: invalid instruction operands
main.asm(462): error A2045: missing angle bracket or brace in literal
main.asm(463): error A2070: invalid instruction operands
main.asm(464): error A2008: syntax error : .
main.asm(465): error A2008: syntax error : .
main.asm(466): error A2070: invalid instruction operands
main.asm(467): error A2008: syntax error : .
main.asm(468): fatal error A1012: error count exceeds 100; stopping assembly
C:\Program Files\Microsoft Visual Studio\2022\Community\MSBuild\Microsoft\VC\v170\BuildCustomizations\masm.targets(70,5): error MSB3721: 命令 "ml64.exe /c /nologo /Zi /Fo"x64\Debug\main.obj" /I "C:\irvine" /W3 /errorReport:prompt  /Tamain.asm" 已結束，代碼為 1。
